Removed Pin From Net: NetName=TEC_SPI3_SCK Pin=U9-22
Removed Pin From Net: NetName=TEC_SPI3_MOSI Pin=U9-24
Removed Pin From Net: NetName=FRAM_CS Pin=U12-4
Removed Pin From Net: NetName=TEC_4_EN Pin=U12-5
Removed Pin From Net: NetName=TEC_3_EN Pin=U12-7
Removed Pin From Net: NetName=TEC_2_EN Pin=U12-8
Removed Pin From Net: NetName=TEC_1_EN Pin=U12-9
Removed Pin From Net: NetName=WD_WAKE Pin=U12-24
Removed Pin From Net: NetName=WD_DONE Pin=U12-25
Removed Pin From Net: NetName=TEC_ADC Pin=U12-41
Removed Pin From Net: NetName=LASER_ADC2 Pin=U12-58
Removed Pin From Net: NetName=PHOTO_ADC_EOC Pin=U12-63
Removed Pin From Net: NetName=IRQ_1 Pin=U12-64
Removed Pin From Net: NetName=LASER_ADC1 Pin=U12-70
Removed Pin From Net: NetName=DAC_nLDAC Pin=U12-82
Removed Pin From Net: NetName=EF_5_AUX Pin=U12-87
Removed Pin From Net: NetName=EF_5_EN Pin=U12-88
Removed Pin From Net: NetName=SENSOR1_EN Pin=U12-95
Removed Pin From Net: NetName=SENSOR2_EN Pin=U12-96
Added Pin To Net: NetName=TEC_1_EN Pin=U12-5
Added Pin To Net: NetName=TEC_2_EN Pin=U12-7
Added Pin To Net: NetName=TEC_3_EN Pin=U12-8
Added Pin To Net: NetName=TEC_4_EN Pin=U12-9
Added Pin To Net: NetName=WD_WAKE Pin=U12-22
Added Pin To Net: NetName=TEC_ADC Pin=U12-23
Added Pin To Net: NetName=LASER_ADC2 Pin=U12-24
Added Pin To Net: NetName=LASER_ADC1 Pin=U12-25
Added Pin To Net: NetName=WD_DONE Pin=U12-41
Added Pin To Net: NetName=PHOTO_ADC_EOC Pin=U12-58
Added Pin To Net: NetName=IRQ_1 Pin=U12-66
Added Pin To Net: NetName=EF_5_AUX Pin=U12-84
Added Pin To Net: NetName=EF_5_EN Pin=U12-85
Added Pin To Net: NetName=SENSOR1_EN Pin=U12-86
Added Pin To Net: NetName=SENSOR2_EN Pin=U12-87
Added Pin To Net: NetName=FRAM_CS Pin=U12-88
Added Pin To Net: NetName=DAC_nLDAC Pin=U12-97
Added Pin To Net: NetName=ADG_CS Pin=U9-21
Added Pin To Net: NetName=ADG_CS Pin=U12-83
Added Net: Name=ADG_CS
Added Pin To Net: NetName=ADG_IOMOSI Pin=U9-24
Added Pin To Net: NetName=ADG_IOMOSI Pin=U12-81
Added Net: Name=ADG_IOMOSI
Added Pin To Net: NetName=ADG_IOSCK Pin=U9-22
Added Pin To Net: NetName=ADG_IOSCK Pin=U12-82
Added Net: Name=ADG_IOSCK
Added Pin To Net: NetName=CONS_UART6_RX Pin=R113-1
Added Pin To Net: NetName=CONS_UART6_RX Pin=U12-64
Added Net: Name=CONS_UART6_RX
Added Pin To Net: NetName=CONS_UART6_TX Pin=R114-1
Added Pin To Net: NetName=CONS_UART6_TX Pin=U12-63
Added Net: Name=CONS_UART6_TX
