Removed Pin From Net: NetName=TEC_1_A Pin=C86_1-2
Removed Pin From Net: NetName=TEC_1_A Pin=C95_1-2
Removed Pin From Net: NetName=PROTECT_EMI Pin=Hole3_1-1
Removed Pin From Net: NetName=PROTECT_EMI Pin=Hole3_1-1
Removed Pin From Net: NetName=PROTECT_EMI Pin=Hole3_1-1
Removed Pin From Net: NetName=PROTECT_EMI Pin=Hole3_1-1
Removed Pin From Net: NetName=PROTECT_EMI Pin=Hole3_1-1
Removed Pin From Net: NetName=PROTECT_EMI Pin=Hole3_1-1
Removed Pin From Net: NetName=PROTECT_EMI Pin=Hole3_1-1
Removed Pin From Net: NetName=PROTECT_EMI Pin=Hole3_1-1
Removed Pin From Net: NetName=PROTECT_EMI Pin=Hole3_1-1
Removed Pin From Net: NetName=TEC_1_A Pin=J3-1
Removed Pin From Net: NetName=TEC_1_B Pin=J3-2
Removed Pin From Net: NetName=TEC_2_A Pin=J3-3
Removed Pin From Net: NetName=TEC_2_B Pin=J3-4
Removed Pin From Net: NetName=TEC_3_A Pin=J3-5
Removed Pin From Net: NetName=TEC_3_B Pin=J3-6
Removed Pin From Net: NetName=TEC_4_A Pin=J3-7
Removed Pin From Net: NetName=TEC_4_B Pin=J3-8
Removed Pin From Net: NetName=HEATER_1_B Pin=J3-9
Removed Pin From Net: NetName=HEATER_1_A Pin=J3-10
Removed Pin From Net: NetName=HEATER_2_B Pin=J3-11
Removed Pin From Net: NetName=HEATER_1_A Pin=J3-12
Removed Pin From Net: NetName=HEATER_3_B Pin=J3-13
Removed Pin From Net: NetName=HEATER_1_A Pin=J3-14
Removed Pin From Net: NetName=HEATER_4_B Pin=J3-15
Removed Pin From Net: NetName=HEATER_1_A Pin=J3-16
Removed Pin From Net: NetName=NetC40_1 Pin=L5_1-1
Removed Pin From Net: NetName=TEC_1_B Pin=L5_1-2
Change Comment: Unknown Component : J3
Add Pin To Net: Unknown Pin: Pin J3-1
Add Pin To Net: Unknown Pin: Pin J3-2
Add Pin To Net: Unknown Pin: Pin J3-3
Add Pin To Net: Unknown Pin: Pin J3-4
Add Pin To Net: Unknown Pin: Pin J3-5
Add Pin To Net: Unknown Pin: Pin J3-6
Add Pin To Net: Unknown Pin: Pin J3-7
Add Pin To Net: Unknown Pin: Pin J3-8
Add Pin To Net: Unknown Pin: Pin J3-9
Add Pin To Net: Unknown Pin: Pin J3-10
Add Pin To Net: Unknown Pin: Pin J3-11
Add Pin To Net: Unknown Pin: Pin J3-12
Add Pin To Net: Unknown Pin: Pin J3-13
Add Pin To Net: Unknown Pin: Pin J3-14
Add Pin To Net: Unknown Pin: Pin J3-15
Add Pin To Net: Unknown Pin: Pin J3-17
Add Pin To Net: Unknown Pin: Pin J3-S1
Add Pin To Net: Unknown Pin: Pin J3-S2
Add Class Member: Failed to add class member : Component J3 0532611771
