Added Component: Designator=R120(RES_C_1608X60)
Add component (AddParameter): Name = "Class"; Value = "Passive"; VariantName = "[No Variations]"
Add component (AddParameter): Name = "Manufacturer"; Value = "Generic Components"; VariantName = "[No Variations]"
Add component (AddParameter): Name = "Published"; Value = "08/06/2000"; VariantName = "[No Variations]"
Add component (AddParameter): Name = "Publisher"; Value = "Altium Hobart Technology Centre"; VariantName = "[No Variations]"
Added Component: Designator=R121(RES_C_1608X60)
Add component (AddParameter): Name = "Class"; Value = "Passive"; VariantName = "[No Variations]"
Add component (AddParameter): Name = "Manufacturer"; Value = "Generic Components"; VariantName = "[No Variations]"
Add component (AddParameter): Name = "Published"; Value = "08/06/2000"; VariantName = "[No Variations]"
Add component (AddParameter): Name = "Publisher"; Value = "Altium Hobart Technology Centre"; VariantName = "[No Variations]"
Added Component: Designator=R122(RES_C_1608X60)
Add component (AddParameter): Name = "Class"; Value = "Passive"; VariantName = "[No Variations]"
Add component (AddParameter): Name = "Manufacturer"; Value = "Generic Components"; VariantName = "[No Variations]"
Add component (AddParameter): Name = "Published"; Value = "08/06/2000"; VariantName = "[No Variations]"
Add component (AddParameter): Name = "Publisher"; Value = "Altium Hobart Technology Centre"; VariantName = "[No Variations]"
Added Component: Designator=R123(RES_C_1608X60)
Add component (AddParameter): Name = "Class"; Value = "Passive"; VariantName = "[No Variations]"
Add component (AddParameter): Name = "Manufacturer"; Value = "Generic Components"; VariantName = "[No Variations]"
Add component (AddParameter): Name = "Published"; Value = "08/06/2000"; VariantName = "[No Variations]"
Add component (AddParameter): Name = "Publisher"; Value = "Altium Hobart Technology Centre"; VariantName = "[No Variations]"
Added Component: Designator=R124(RES_C_1608X60)
Add component (AddParameter): Name = "Class"; Value = "Passive"; VariantName = "[No Variations]"
Add component (AddParameter): Name = "Manufacturer"; Value = "Generic Components"; VariantName = "[No Variations]"
Add component (AddParameter): Name = "Published"; Value = "08/06/2000"; VariantName = "[No Variations]"
Add component (AddParameter): Name = "Publisher"; Value = "Altium Hobart Technology Centre"; VariantName = "[No Variations]"
Added Component: Designator=R125(RES_C_1608X60)
Add component (AddParameter): Name = "Class"; Value = "Passive"; VariantName = "[No Variations]"
Add component (AddParameter): Name = "Manufacturer"; Value = "Generic Components"; VariantName = "[No Variations]"
Add component (AddParameter): Name = "Published"; Value = "08/06/2000"; VariantName = "[No Variations]"
Add component (AddParameter): Name = "Publisher"; Value = "Altium Hobart Technology Centre"; VariantName = "[No Variations]"
Added Component: Designator=R126(RES_C_1608X60)
Add component (AddParameter): Name = "Class"; Value = "Passive"; VariantName = "[No Variations]"
Add component (AddParameter): Name = "Manufacturer"; Value = "Generic Components"; VariantName = "[No Variations]"
Add component (AddParameter): Name = "Published"; Value = "08/06/2000"; VariantName = "[No Variations]"
Add component (AddParameter): Name = "Publisher"; Value = "Altium Hobart Technology Centre"; VariantName = "[No Variations]"
Added Component: Designator=R127(RES_C_1608X60)
Add component (AddParameter): Name = "Class"; Value = "Passive"; VariantName = "[No Variations]"
Add component (AddParameter): Name = "Manufacturer"; Value = "Generic Components"; VariantName = "[No Variations]"
Add component (AddParameter): Name = "Published"; Value = "08/06/2000"; VariantName = "[No Variations]"
Add component (AddParameter): Name = "Publisher"; Value = "Altium Hobart Technology Centre"; VariantName = "[No Variations]"
Added Component: Designator=R128(RES_C_1608X60)
Add component (AddParameter): Name = "Class"; Value = "Passive"; VariantName = "[No Variations]"
Add component (AddParameter): Name = "Manufacturer"; Value = "Generic Components"; VariantName = "[No Variations]"
Add component (AddParameter): Name = "Published"; Value = "08/06/2000"; VariantName = "[No Variations]"
Add component (AddParameter): Name = "Publisher"; Value = "Altium Hobart Technology Centre"; VariantName = "[No Variations]"
Added Component: Designator=R129(RES_C_1608X60)
Add component (AddParameter): Name = "Class"; Value = "Passive"; VariantName = "[No Variations]"
Add component (AddParameter): Name = "Manufacturer"; Value = "Generic Components"; VariantName = "[No Variations]"
Add component (AddParameter): Name = "Published"; Value = "08/06/2000"; VariantName = "[No Variations]"
Add component (AddParameter): Name = "Publisher"; Value = "Altium Hobart Technology Centre"; VariantName = "[No Variations]"
Added Component: Designator=R130(RES_C_1608X60)
Add component (AddParameter): Name = "Class"; Value = "Passive"; VariantName = "[No Variations]"
Add component (AddParameter): Name = "Manufacturer"; Value = "Generic Components"; VariantName = "[No Variations]"
Add component (AddParameter): Name = "Published"; Value = "08/06/2000"; VariantName = "[No Variations]"
Add component (AddParameter): Name = "Publisher"; Value = "Altium Hobart Technology Centre"; VariantName = "[No Variations]"
Added Component: Designator=R131(RES_C_1608X60)
Add component (AddParameter): Name = "Class"; Value = "Passive"; VariantName = "[No Variations]"
Add component (AddParameter): Name = "Manufacturer"; Value = "Generic Components"; VariantName = "[No Variations]"
Add component (AddParameter): Name = "Published"; Value = "08/06/2000"; VariantName = "[No Variations]"
Add component (AddParameter): Name = "Publisher"; Value = "Altium Hobart Technology Centre"; VariantName = "[No Variations]"
Added Component: Designator=R132(RES_C_1608X60)
Add component (AddParameter): Name = "Class"; Value = "Passive"; VariantName = "[No Variations]"
Add component (AddParameter): Name = "Manufacturer"; Value = "Generic Components"; VariantName = "[No Variations]"
Add component (AddParameter): Name = "Published"; Value = "08/06/2000"; VariantName = "[No Variations]"
Add component (AddParameter): Name = "Publisher"; Value = "Altium Hobart Technology Centre"; VariantName = "[No Variations]"
Added Component: Designator=R133(RES_C_1608X60)
Add component (AddParameter): Name = "Class"; Value = "Passive"; VariantName = "[No Variations]"
Add component (AddParameter): Name = "Manufacturer"; Value = "Generic Components"; VariantName = "[No Variations]"
Add component (AddParameter): Name = "Published"; Value = "08/06/2000"; VariantName = "[No Variations]"
Add component (AddParameter): Name = "Publisher"; Value = "Altium Hobart Technology Centre"; VariantName = "[No Variations]"
Added Component: Designator=R134(RES_C_1608X60)
Add component (AddParameter): Name = "Class"; Value = "Passive"; VariantName = "[No Variations]"
Add component (AddParameter): Name = "Manufacturer"; Value = "Generic Components"; VariantName = "[No Variations]"
Add component (AddParameter): Name = "Published"; Value = "08/06/2000"; VariantName = "[No Variations]"
Add component (AddParameter): Name = "Publisher"; Value = "Altium Hobart Technology Centre"; VariantName = "[No Variations]"
Added Pin To Net: NetName=NetJ5_06 Pin=R120-1
Added Pin To Net: NetName=LASER_SCK Pin=R120-2
Added Pin To Net: NetName=LASER_SW_EXT_CS Pin=R121-1
Added Pin To Net: NetName=NetJ5_07 Pin=R121-2
Added Pin To Net: NetName=NetJ5_08 Pin=R122-1
Added Pin To Net: NetName=LASER_MISO Pin=R122-2
Added Pin To Net: NetName=LASER_DAC_CS Pin=R123-1
Added Pin To Net: NetName=NetJ5_09 Pin=R123-2
Added Pin To Net: NetName=NetJ5_10 Pin=R124-1
Added Pin To Net: NetName=LASER_MOSI Pin=R124-2
Added Pin To Net: NetName=LASER_DAC_LATCH Pin=R125-1
Added Pin To Net: NetName=NetJ5_11 Pin=R125-2
Added Pin To Net: NetName=NetJ5_12 Pin=R126-1
Added Pin To Net: NetName=LASER_ADC1 Pin=R126-2
Added Pin To Net: NetName=NetJ5_14 Pin=R127-1
Added Pin To Net: NetName=LASER_ADC2 Pin=R127-2
Added Pin To Net: NetName=NetJ4_3 Pin=R128-1
Added Pin To Net: NetName=PHOTO_SCK Pin=R128-2
Added Pin To Net: NetName=NetJ4_4 Pin=R129-1
Added Pin To Net: NetName=PHOTO_MISO Pin=R129-2
Added Pin To Net: NetName=NetJ4_5 Pin=R130-1
Added Pin To Net: NetName=PHOTO_MOSI Pin=R130-2
Added Pin To Net: NetName=NetJ4_6 Pin=R131-1
Added Pin To Net: NetName=PHOTO_PD_CS Pin=R131-2
Added Pin To Net: NetName=NetJ4_7 Pin=R132-1
Added Pin To Net: NetName=PHOTO_ADC_CS Pin=R132-2
Added Pin To Net: NetName=NetJ4_8 Pin=R133-1
Added Pin To Net: NetName=PHOTO_ADC_CONV Pin=R133-2
Added Pin To Net: NetName=NetJ4_9 Pin=R134-1
Added Pin To Net: NetName=PHOTO_ADC_EOC Pin=R134-2
Added Member To Class: ClassName=HEADER_1 Member=Component R120 22R
Added Member To Class: ClassName=HEADER_1 Member=Component R121 22R
Added Member To Class: ClassName=HEADER_1 Member=Component R122 22R
Added Member To Class: ClassName=HEADER_1 Member=Component R123 22R
Added Member To Class: ClassName=HEADER_1 Member=Component R124 22R
Added Member To Class: ClassName=HEADER_1 Member=Component R125 22R
Added Member To Class: ClassName=HEADER_1 Member=Component R126 22R
Added Member To Class: ClassName=HEADER_1 Member=Component R127 22R
Added Member To Class: ClassName=HEADER_1 Member=Component R128 22R
Added Member To Class: ClassName=HEADER_1 Member=Component R129 22R
Added Member To Class: ClassName=HEADER_1 Member=Component R130 22R
Added Member To Class: ClassName=HEADER_1 Member=Component R131 22R
Added Member To Class: ClassName=HEADER_1 Member=Component R132 22R
Added Member To Class: ClassName=HEADER_1 Member=Component R133 22R
Added Member To Class: ClassName=HEADER_1 Member=Component R134 22R
